[21-Jan-2026 23:31:46 UTC] PHP Fatal error:  Uncaught Exception: Serialization of 'SimpleXMLElement' is not allowed in /home/customer/www/flightloads.passrider.com/public_html/wp-includes/functions.php:630
Stack trace:
#0 /home/customer/www/flightloads.passrider.com/public_html/wp-includes/functions.php(630): serialize(Object(SimpleXMLElement))
#1 /home/customer/www/flightloads.passrider.com/public_html/wp-includes/option.php(1129): maybe_serialize(Object(SimpleXMLElement))
#2 /home/customer/www/flightloads.passrider.com/public_html/wp-includes/option.php(1554): add_option('_transient_airp...', Object(SimpleXMLElement), '', false)
#3 /home/customer/www/flightloads.passrider.com/public_html/wp-content/plugins/airport-fid-plugin/airport-fid-plugin.php(407): set_transient('airport_fid_rou...', Object(SimpleXMLElement), 1800)
#4 /home/customer/www/flightloads.passrider.com/public_html/wp-content/plugins/airport-fid-plugin/airport-fid-plugin.php(327): airport_fid_get_xml('https://service...', 'airport_fid_rou...')
#5 /home/customer/www/flightloads.passrider.com/public_html/wp-includes/rest-api/class-wp-rest-server.php(1292): airport_fid_rest_board(Object(WP_REST_Request))
#6 /home/customer/www/flightloads.passrider.com/public_html/wp-includes/rest-api/class-wp-rest-server.php(1125): WP_REST_Server->respond_to_request(Object(WP_REST_Request), '/airport-fid/v1...', Array, NULL)
#7 /home/customer/www/flightloads.passrider.com/public_html/wp-includes/rest-api/class-wp-rest-server.php(439): WP_REST_Server->dispatch(Object(WP_REST_Request))
#8 /home/customer/www/flightloads.passrider.com/public_html/wp-includes/rest-api.php(467): WP_REST_Server->serve_request('/airport-fid/v1...')
#9 /home/customer/www/flightloads.passrider.com/public_html/wp-includes/class-wp-hook.php(341): rest_api_loaded(Object(WP))
#10 /home/customer/www/flightloads.passrider.com/public_html/wp-includes/class-wp-hook.php(365): WP_Hook->apply_filters('', Array)
#11 /home/customer/www/flightloads.passrider.com/public_html/wp-includes/plugin.php(570): WP_Hook->do_action(Array)
#12 /home/customer/www/flightloads.passrider.com/public_html/wp-includes/class-wp.php(418): do_action_ref_array('parse_request', Array)
#13 /home/customer/www/flightloads.passrider.com/public_html/wp-includes/class-wp.php(821): WP->parse_request('')
#14 /home/customer/www/flightloads.passrider.com/public_html/wp-includes/functions.php(1343): WP->main('')
#15 /home/customer/www/flightloads.passrider.com/public_html/wp-blog-header.php(16): wp()
#16 /home/customer/www/flightloads.passrider.com/public_html/index.php(17): require('/home/customer/...')
#17 {main}
  thrown in /home/customer/www/flightloads.passrider.com/public_html/wp-includes/functions.php on line 630
[21-Jan-2026 23:31:56 UTC] PHP Fatal error:  Uncaught Exception: Serialization of 'SimpleXMLElement' is not allowed in /home/customer/www/flightloads.passrider.com/public_html/wp-includes/functions.php:630
Stack trace:
#0 /home/customer/www/flightloads.passrider.com/public_html/wp-includes/functions.php(630): serialize(Object(SimpleXMLElement))
#1 /home/customer/www/flightloads.passrider.com/public_html/wp-includes/option.php(1129): maybe_serialize(Object(SimpleXMLElement))
#2 /home/customer/www/flightloads.passrider.com/public_html/wp-includes/option.php(1554): add_option('_transient_airp...', Object(SimpleXMLElement), '', false)
#3 /home/customer/www/flightloads.passrider.com/public_html/wp-content/plugins/airport-fid-plugin/airport-fid-plugin.php(407): set_transient('airport_fid_rou...', Object(SimpleXMLElement), 1800)
#4 /home/customer/www/flightloads.passrider.com/public_html/wp-content/plugins/airport-fid-plugin/airport-fid-plugin.php(327): airport_fid_get_xml('https://service...', 'airport_fid_rou...')
#5 /home/customer/www/flightloads.passrider.com/public_html/wp-includes/rest-api/class-wp-rest-server.php(1292): airport_fid_rest_board(Object(WP_REST_Request))
#6 /home/customer/www/flightloads.passrider.com/public_html/wp-includes/rest-api/class-wp-rest-server.php(1125): WP_REST_Server->respond_to_request(Object(WP_REST_Request), '/airport-fid/v1...', Array, NULL)
#7 /home/customer/www/flightloads.passrider.com/public_html/wp-includes/rest-api/class-wp-rest-server.php(439): WP_REST_Server->dispatch(Object(WP_REST_Request))
#8 /home/customer/www/flightloads.passrider.com/public_html/wp-includes/rest-api.php(467): WP_REST_Server->serve_request('/airport-fid/v1...')
#9 /home/customer/www/flightloads.passrider.com/public_html/wp-includes/class-wp-hook.php(341): rest_api_loaded(Object(WP))
#10 /home/customer/www/flightloads.passrider.com/public_html/wp-includes/class-wp-hook.php(365): WP_Hook->apply_filters('', Array)
#11 /home/customer/www/flightloads.passrider.com/public_html/wp-includes/plugin.php(570): WP_Hook->do_action(Array)
#12 /home/customer/www/flightloads.passrider.com/public_html/wp-includes/class-wp.php(418): do_action_ref_array('parse_request', Array)
#13 /home/customer/www/flightloads.passrider.com/public_html/wp-includes/class-wp.php(821): WP->parse_request('')
#14 /home/customer/www/flightloads.passrider.com/public_html/wp-includes/functions.php(1343): WP->main('')
#15 /home/customer/www/flightloads.passrider.com/public_html/wp-blog-header.php(16): wp()
#16 /home/customer/www/flightloads.passrider.com/public_html/index.php(17): require('/home/customer/...')
#17 {main}
  thrown in /home/customer/www/flightloads.passrider.com/public_html/wp-includes/functions.php on line 630
